<?xml version="1.0" encoding="UTF-8"?>
<!-- Generated by org.testng.reporters.JUnitXMLReporter -->
<testsuite ignored="0" hostname="DESKTOP-SJONCEV" failures="0" tests="4" name="Test" time="1.292" errors="0" timestamp="2022-11-15T18:22:45 IST">
  <testcase classname="com.saucdemo.TESTpack.Testbaseclass" name="@BeforeMethod setup" time="0.293">
    <failure type="java.lang.IllegalStateException" message="The driver executable must exist: C:\Users\Admin\eclipse-workspace\saucedemo25juneproject\.\DriverFiles\chromedriver.exe">
      <![CDATA[java.lang.IllegalStateException: The driver executable must exist: C:\Users\Admin\eclipse-workspace\saucedemo25juneproject\.\DriverFiles\chromedriver.exe
at org.openqa.selenium.internal.Require$FileStateChecker.isFile(Require.java:342)
at org.openqa.selenium.remote.service.DriverService.checkExecutable(DriverService.java:147)
at org.openqa.selenium.remote.service.DriverService.findExecutable(DriverService.java:142)
at org.openqa.selenium.chrome.ChromeDriverService.access$000(ChromeDriverService.java:38)
at org.openqa.selenium.chrome.ChromeDriverService$Builder.findDefaultExecutable(ChromeDriverService.java:231)
at org.openqa.selenium.remote.service.DriverService$Builder.build(DriverService.java:437)
at org.openqa.selenium.chrome.ChromeDriverService.createDefaultService(ChromeDriverService.java:127)
at org.openqa.selenium.chrome.ChromeDriver.<init>(ChromeDriver.java:48)
at com.saucdemo.TESTpack.Testbaseclass.setup(Testbaseclass.java:25)
at java.base/java.util.ArrayList.forEach(ArrayList.java:1511)
... Removed 29 stack frames]]>
    </failure>
  </testcase> <!-- @BeforeMethod setup -->
  <testcase classname="com.saucdemo.TESTpack.Testbaseclass" name="@AfterMethod teardovn" time="-1.668516764685E9">
    <skipped/>
  </testcase> <!-- @AfterMethod teardovn -->
  <testcase classname="com.saucdemo.TESTpack.Testbaseclass" name="@BeforeMethod setup" time="0.107">
    <failure type="java.lang.IllegalStateException" message="The driver executable must exist: C:\Users\Admin\eclipse-workspace\saucedemo25juneproject\.\DriverFiles\chromedriver.exe">
      <![CDATA[java.lang.IllegalStateException: The driver executable must exist: C:\Users\Admin\eclipse-workspace\saucedemo25juneproject\.\DriverFiles\chromedriver.exe
at org.openqa.selenium.internal.Require$FileStateChecker.isFile(Require.java:342)
at org.openqa.selenium.remote.service.DriverService.checkExecutable(DriverService.java:147)
at org.openqa.selenium.remote.service.DriverService.findExecutable(DriverService.java:142)
at org.openqa.selenium.chrome.ChromeDriverService.access$000(ChromeDriverService.java:38)
at org.openqa.selenium.chrome.ChromeDriverService$Builder.findDefaultExecutable(ChromeDriverService.java:231)
at org.openqa.selenium.remote.service.DriverService$Builder.build(DriverService.java:437)
at org.openqa.selenium.chrome.ChromeDriverService.createDefaultService(ChromeDriverService.java:127)
at org.openqa.selenium.chrome.ChromeDriver.<init>(ChromeDriver.java:48)
at com.saucdemo.TESTpack.Testbaseclass.setup(Testbaseclass.java:25)
at java.base/java.util.ArrayList.forEach(ArrayList.java:1511)
... Removed 29 stack frames]]>
    </failure>
  </testcase> <!-- @BeforeMethod setup -->
  <testcase classname="com.saucdemo.TESTpack.Testbaseclass" name="@AfterMethod teardovn" time="-1.668516764899E9">
    <skipped/>
  </testcase> <!-- @AfterMethod teardovn -->
  <testcase classname="com.saucdemo.TESTpack.Testbaseclass" name="@BeforeMethod setup" time="0.026">
    <failure type="java.lang.IllegalStateException" message="The driver executable must exist: C:\Users\Admin\eclipse-workspace\saucedemo25juneproject\.\DriverFiles\chromedriver.exe">
      <![CDATA[java.lang.IllegalStateException: The driver executable must exist: C:\Users\Admin\eclipse-workspace\saucedemo25juneproject\.\DriverFiles\chromedriver.exe
at org.openqa.selenium.internal.Require$FileStateChecker.isFile(Require.java:342)
at org.openqa.selenium.remote.service.DriverService.checkExecutable(DriverService.java:147)
at org.openqa.selenium.remote.service.DriverService.findExecutable(DriverService.java:142)
at org.openqa.selenium.chrome.ChromeDriverService.access$000(ChromeDriverService.java:38)
at org.openqa.selenium.chrome.ChromeDriverService$Builder.findDefaultExecutable(ChromeDriverService.java:231)
at org.openqa.selenium.remote.service.DriverService$Builder.build(DriverService.java:437)
at org.openqa.selenium.chrome.ChromeDriverService.createDefaultService(ChromeDriverService.java:127)
at org.openqa.selenium.chrome.ChromeDriver.<init>(ChromeDriver.java:48)
at com.saucdemo.TESTpack.Testbaseclass.setup(Testbaseclass.java:25)
at java.base/java.util.ArrayList.forEach(ArrayList.java:1511)
... Removed 29 stack frames]]>
    </failure>
  </testcase> <!-- @BeforeMethod setup -->
  <testcase classname="com.saucdemo.TESTpack.Testbaseclass" name="@AfterMethod teardovn" time="-1.668516765132E9">
    <skipped/>
  </testcase> <!-- @AfterMethod teardovn -->
  <testcase classname="com.saucdemo.TESTpack.Testbaseclass" name="@BeforeMethod setup" time="0.111">
    <failure type="java.lang.IllegalStateException" message="The driver executable must exist: C:\Users\Admin\eclipse-workspace\saucedemo25juneproject\.\DriverFiles\chromedriver.exe">
      <![CDATA[java.lang.IllegalStateException: The driver executable must exist: C:\Users\Admin\eclipse-workspace\saucedemo25juneproject\.\DriverFiles\chromedriver.exe
at org.openqa.selenium.internal.Require$FileStateChecker.isFile(Require.java:342)
at org.openqa.selenium.remote.service.DriverService.checkExecutable(DriverService.java:147)
at org.openqa.selenium.remote.service.DriverService.findExecutable(DriverService.java:142)
at org.openqa.selenium.chrome.ChromeDriverService.access$000(ChromeDriverService.java:38)
at org.openqa.selenium.chrome.ChromeDriverService$Builder.findDefaultExecutable(ChromeDriverService.java:231)
at org.openqa.selenium.remote.service.DriverService$Builder.build(DriverService.java:437)
at org.openqa.selenium.chrome.ChromeDriverService.createDefaultService(ChromeDriverService.java:127)
at org.openqa.selenium.chrome.ChromeDriver.<init>(ChromeDriver.java:48)
at com.saucdemo.TESTpack.Testbaseclass.setup(Testbaseclass.java:25)
at java.base/java.util.ArrayList.forEach(ArrayList.java:1511)
... Removed 29 stack frames]]>
    </failure>
  </testcase> <!-- @BeforeMethod setup -->
  <testcase classname="com.saucdemo.TESTpack.Testbaseclass" name="@AfterMethod teardovn" time="-1.668516765288E9">
    <skipped/>
  </testcase> <!-- @AfterMethod teardovn -->
  <testcase classname="com.saucdemo.TESTpack.TC1_loginfuctionality" name="varifylogin" time="0.0">
    <skipped/>
  </testcase> <!-- varifylogin -->
  <testcase classname="com.saucdemo.TESTpack.TC02_logoutfunctionality" name="varifylogout" time="0.0">
    <skipped/>
  </testcase> <!-- varifylogout -->
  <testcase classname="com.saucdemo.TESTpack.TC3_varifybagproductfunctionality" name="varifyaddtocart" time="0.0">
    <skipped/>
  </testcase> <!-- varifyaddtocart -->
  <testcase classname="com.saucdemo.TESTpack.TC04_varifyallproductselect" name="varifyallprodslect" time="0.0">
    <skipped/>
  </testcase> <!-- varifyallprodslect -->
</testsuite> <!-- Test -->
